  Bullet.cpp
C:\Users\matsa\source\repos\Tutorial\Tutorial\Player.h(10,14): error C2065: 'Bullet': undeclared identifier
C:\Users\matsa\source\repos\Tutorial\Tutorial\Player.h(10,21): error C2059: syntax error: '>'
C:\Users\matsa\source\repos\Tutorial\Tutorial\Player.h(11,12): error C4430: missing type specifier - int assumed. Note: C++ does not support default-int
C:\Users\matsa\source\repos\Tutorial\Tutorial\Player.h(11,12): error C2143: syntax error: missing ';' before '&'
C:\Users\matsa\source\repos\Tutorial\Tutorial\Player.h(11,18): error C2238: unexpected token(s) preceding ';'
C:\Users\matsa\source\repos\Tutorial\Tutorial\Player.h(12,8): error C2143: syntax error: missing ';' before '*'
C:\Users\matsa\source\repos\Tutorial\Tutorial\Player.h(12,8): error C4430: missing type specifier - int assumed. Note: C++ does not support default-int
C:\Users\matsa\source\repos\Tutorial\Tutorial\Player.h(12,21): error C2238: unexpected token(s) preceding ';'
C:\Users\matsa\source\repos\Tutorial\Tutorial\Player.h(38,8): error C4430: missing type specifier - int assumed. Note: C++ does not support default-int
C:\Users\matsa\source\repos\Tutorial\Tutorial\Player.h(38,19): error C2143: syntax error: missing ',' before '&'
  Game.cpp
C:\Users\matsa\source\repos\Tutorial\Tutorial\Bullet.h(49,36): error C4430: missing type specifier - int assumed. Note: C++ does not support default-int
C:\Users\matsa\source\repos\Tutorial\Tutorial\Bullet.h(49,36): error C2143: syntax error: missing ',' before '&'
C:\Users\matsa\source\repos\Tutorial\Tutorial\Player.h(11,12): error C4430: missing type specifier - int assumed. Note: C++ does not support default-int
C:\Users\matsa\source\repos\Tutorial\Tutorial\Player.h(11,12): error C2143: syntax error: missing ';' before '&'
C:\Users\matsa\source\repos\Tutorial\Tutorial\Player.h(11,18): error C2238: unexpected token(s) preceding ';'
C:\Users\matsa\source\repos\Tutorial\Tutorial\Player.h(38,8): error C4430: missing type specifier - int assumed. Note: C++ does not support default-int
C:\Users\matsa\source\repos\Tutorial\Tutorial\Player.h(38,19): error C2143: syntax error: missing ',' before '&'
C:\Users\matsa\source\repos\Tutorial\Tutorial\Game.cpp(7,22): error C2665: 'Player::Player': no overloaded function could convert all the argument types
C:\Users\matsa\source\repos\Tutorial\Tutorial\Player.h(43,1): message : could be 'Player::Player(Player &&)'
C:\Users\matsa\source\repos\Tutorial\Tutorial\Game.cpp(7,22): message : 'Player::Player(Player &&)': cannot convert argument 1 from 'Game' to 'Player &&'
C:\Users\matsa\source\repos\Tutorial\Tutorial\Game.cpp(7,23): message : Reason: cannot convert from 'Game' to 'Player'
C:\Users\matsa\source\repos\Tutorial\Tutorial\Game.cpp(7,23): message : No user-defined-conversion operator available that can perform this conversion, or the operator cannot be called
C:\Users\matsa\source\repos\Tutorial\Tutorial\Player.h(43,1): message : or       'Player::Player(const Player &)'
C:\Users\matsa\source\repos\Tutorial\Tutorial\Game.cpp(7,22): message : 'Player::Player(const Player &)': cannot convert argument 1 from 'Game' to 'const Player &'
C:\Users\matsa\source\repos\Tutorial\Tutorial\Game.cpp(7,23): message : Reason: cannot convert from 'Game' to 'const Player'
C:\Users\matsa\source\repos\Tutorial\Tutorial\Game.cpp(7,23): message : No user-defined-conversion operator available that can perform this conversion, or the operator cannot be called
C:\Users\matsa\source\repos\Tutorial\Tutorial\Player.h(38,2): message : or       'Player::Player(const int)'
C:\Users\matsa\source\repos\Tutorial\Tutorial\Game.cpp(7,22): message : 'Player::Player(const int)': cannot convert argument 1 from 'Game' to 'const int'
C:\Users\matsa\source\repos\Tutorial\Tutorial\Game.cpp(7,23): message : No user-defined-conversion operator available that can perform this conversion, or the operator cannot be called
C:\Users\matsa\source\repos\Tutorial\Tutorial\Game.cpp(7,22): message : while trying to match the argument list '(Game)'
  main.cpp
C:\Users\matsa\source\repos\Tutorial\Tutorial\Bullet.h(49,36): error C4430: missing type specifier - int assumed. Note: C++ does not support default-int
C:\Users\matsa\source\repos\Tutorial\Tutorial\Bullet.h(49,36): error C2143: syntax error: missing ',' before '&'
C:\Users\matsa\source\repos\Tutorial\Tutorial\Player.h(11,12): error C4430: missing type specifier - int assumed. Note: C++ does not support default-int
C:\Users\matsa\source\repos\Tutorial\Tutorial\Player.h(11,12): error C2143: syntax error: missing ';' before '&'
C:\Users\matsa\source\repos\Tutorial\Tutorial\Player.h(11,18): error C2238: unexpected token(s) preceding ';'
C:\Users\matsa\source\repos\Tutorial\Tutorial\Player.h(38,8): error C4430: missing type specifier - int assumed. Note: C++ does not support default-int
C:\Users\matsa\source\repos\Tutorial\Tutorial\Player.h(38,19): error C2143: syntax error: missing ',' before '&'
  Player.cpp
C:\Users\matsa\source\repos\Tutorial\Tutorial\Bullet.h(49,36): error C4430: missing type specifier - int assumed. Note: C++ does not support default-int
C:\Users\matsa\source\repos\Tutorial\Tutorial\Bullet.h(49,36): error C2143: syntax error: missing ',' before '&'
C:\Users\matsa\source\repos\Tutorial\Tutorial\Game.h(11,9): error C2143: syntax error: missing ';' before '*'
C:\Users\matsa\source\repos\Tutorial\Tutorial\Game.h(11,9): error C4430: missing type specifier - int assumed. Note: C++ does not support default-int
C:\Users\matsa\source\repos\Tutorial\Tutorial\Game.h(11,27): error C2238: unexpected token(s) preceding ';'
C:\Users\matsa\source\repos\Tutorial\Tutorial\Player.cpp(15,109): error C2664: 'bool Bullet::collision_detected(const int)': cannot convert argument 1 from 'const Game' to 'const int'
C:\Users\matsa\source\repos\Tutorial\Tutorial\Player.cpp(15,130): message : No user-defined-conversion operator available that can perform this conversion, or the operator cannot be called
C:\Users\matsa\source\repos\Tutorial\Tutorial\Bullet.h(49,7): message : see declaration of 'Bullet::collision_detected'
C:\Users\matsa\source\repos\Tutorial\Tutorial\Player.cpp(15,109): message : while trying to match the argument list '(const Game)'
C:\Users\matsa\source\repos\Tutorial\Tutorial\Player.cpp(28,22): warning C4244: 'argument': conversion from 'int' to 'float', possible loss of data
C:\Users\matsa\source\repos\Tutorial\Tutorial\Player.cpp(29,22): warning C4244: 'argument': conversion from 'int' to 'float', possible loss of data
  Generating Code...
